<?xml version="1.0" encoding="UTF-8"?>
<testsuite xmlns:xsi="http://www.w3.org/2001/XMLSchema-instance" xsi:noNamespaceSchemaLocation="https://maven.apache.org/surefire/maven-surefire-plugin/xsd/surefire-test-report.xsd" name="RunerTest.TestRunner" time="27.672" tests="2" errors="0" skipped="0" failures="0">
  <properties>
[...]
</properties>
  <testcase name="Search On Flipkart" classname="Features of Flipkart" time="14.117"/>
  <testcase name="Work on Hovar on Menu" classname="Features of Flipkart" time="11.299"/>
</testsuite>